[debug] [2024-12-15T15:53:54.537Z] ----------------------------------------------------------------------
[debug] [2024-12-15T15:53:54.540Z] Command:       C:\Program Files\nodejs\node.exe C:\Users\rjang\AppData\Roaming\npm\node_modules\firebase-tools\lib\bin\firebase.js init
[debug] [2024-12-15T15:53:54.541Z] CLI Version:   13.29.1
[debug] [2024-12-15T15:53:54.541Z] Platform:      win32
[debug] [2024-12-15T15:53:54.541Z] Node Version:  v22.12.0
[debug] [2024-12-15T15:53:54.541Z] Time:          Sun Dec 15 2024 21:23:54 GMT+0530 (India Standard Time)
[debug] [2024-12-15T15:53:54.541Z] ----------------------------------------------------------------------
[debug] 
[debug] [2024-12-15T15:53:54.550Z] > command requires scopes: ["email","openid","https://www.googleapis.com/auth/cloudplatformprojects.readonly","https://www.googleapis.com/auth/firebase","https://www.googleapis.com/auth/cloud-platform"]
[debug] [2024-12-15T15:53:54.550Z] > authorizing via signed-in user (darkassasian001@gmail.com)
[info] 
     ######## #### ########  ######## ########     ###     ######  ########
     ##        ##  ##     ## ##       ##     ##  ##   ##  ##       ##
     ######    ##  ########  ######   ########  #########  ######  ######
     ##        ##  ##    ##  ##       ##     ## ##     ##       ## ##
     ##       #### ##     ## ######## ########  ##     ##  ######  ########

You're about to initialize a Firebase project in this directory:

  C:\Users\rjang\Desktop\packersmovers

[info] 
=== Project Setup
[info] 
[info] First, let's associate this project directory with a Firebase project.
[info] You can create multiple project aliases by running firebase use --add, 
[info] but for now we'll just set up a default project.
[info] 
[debug] [2024-12-15T15:54:14.534Z] Checked if tokens are valid: true, expires at: 1734281617239
[debug] [2024-12-15T15:54:14.534Z] Checked if tokens are valid: true, expires at: 1734281617239
[debug] [2024-12-15T15:54:14.535Z] >>> [apiv2][query] GET https://firebase.googleapis.com/v1beta1/projects pageSize=100
[debug] [2024-12-15T15:54:15.628Z] <<< [apiv2][status] GET https://firebase.googleapis.com/v1beta1/projects 200
[debug] [2024-12-15T15:54:15.628Z] <<< [apiv2][body] GET https://firebase.googleapis.com/v1beta1/projects [omitted]
[info] i  Using project a1balajipackersmovers (a1balajipackersmovers) 
[info] 
=== Hosting Setup
[debug] [2024-12-15T15:54:17.981Z] Checked if tokens are valid: true, expires at: 1734281617239
[debug] [2024-12-15T15:54:17.981Z] Checked if tokens are valid: true, expires at: 1734281617239
[debug] [2024-12-15T15:54:17.982Z] >>> [apiv2][query] GET https://firebase.googleapis.com/v1beta1/projects/a1balajipackersmovers [none]
[debug] [2024-12-15T15:54:18.666Z] <<< [apiv2][status] GET https://firebase.googleapis.com/v1beta1/projects/a1balajipackersmovers 200
[debug] [2024-12-15T15:54:18.666Z] <<< [apiv2][body] GET https://firebase.googleapis.com/v1beta1/projects/a1balajipackersmovers {"projectId":"a1balajipackersmovers","projectNumber":"839805429907","displayName":"a1balajipackersmovers","name":"projects/a1balajipackersmovers","resources":{"hostingSite":"a1balajipackersmovers"},"state":"ACTIVE","etag":"1_231a8e5b-9cc4-491c-bb7f-0a4df643c10a"}
[info] 
[info] Your public directory is the folder (relative to your project directory) that
[info] will contain Hosting assets to be uploaded with firebase deploy. If you
[info] have a build process for your assets, use your build's output directory.
[info] 
[debug] [2024-12-15T15:54:55.898Z] >>> [apiv2][query] GET https://www.gstatic.com/firebasejs/releases.json [none]
[debug] [2024-12-15T15:54:56.103Z] <<< [apiv2][status] GET https://www.gstatic.com/firebasejs/releases.json 200
[debug] [2024-12-15T15:54:56.103Z] <<< [apiv2][body] GET https://www.gstatic.com/firebasejs/releases.json {"current":{"version":"11.1.0","browserURL":"https://www.gstatic.com/firebasejs/11.1.0/firebase.js","packageURL":"https://www.gstatic.com/firebasejs/11.1.0/firebase.tgz"},"live":{"version":"11.1","browserURL":"https://www.gstatic.com/firebasejs/live/11.1/firebase.js","packageURL":"https://www.gstatic.com/firebasejs/live/11.1/firebase.tgz"},"components":{"analytics":"https://www.gstatic.com/firebasejs/11.1.0/firebase-analytics.js","app":"https://www.gstatic.com/firebasejs/11.1.0/firebase-app.js","app-check":"https://www.gstatic.com/firebasejs/11.1.0/firebase-app-check.js","auth":"https://www.gstatic.com/firebasejs/11.1.0/firebase-auth.js","auth/cordova":"https://www.gstatic.com/firebasejs/11.1.0/firebase-auth/cordova.js","auth/web-extension":"https://www.gstatic.com/firebasejs/11.1.0/firebase-auth/web-extension.js","functions":"https://www.gstatic.com/firebasejs/11.1.0/firebase-functions.js","firestore":"https://www.gstatic.com/firebasejs/11.1.0/firebase-firestore.js","firestore/lite":"https://www.gstatic.com/firebasejs/11.1.0/firebase-firestore/lite.js","installations":"https://www.gstatic.com/firebasejs/11.1.0/firebase-installations.js","storage":"https://www.gstatic.com/firebasejs/11.1.0/firebase-storage.js","performance":"https://www.gstatic.com/firebasejs/11.1.0/firebase-performance.js","remote-config":"https://www.gstatic.com/firebasejs/11.1.0/firebase-remote-config.js","messaging":"https://www.gstatic.com/firebasejs/11.1.0/firebase-messaging.js","messaging/sw":"https://www.gstatic.com/firebasejs/11.1.0/firebase-messaging/sw.js","database":"https://www.gstatic.com/firebasejs/11.1.0/firebase-database.js","vertexai":"https://www.gstatic.com/firebasejs/11.1.0/firebase-vertexai.js","data-connect":"https://www.gstatic.com/firebasejs/11.1.0/firebase-data-connect.js","firestore.memory":"https://www.gstatic.com/firebasejs/11.1.0/firebase-firestore.memory.js"}}
[info] +  Wrote public/index.html 
[info] 
[info] i  Didn't detect a .git folder. Assuming C:\Users\rjang\Desktop\packersmovers is the project root. 
[info] i  Authorizing with GitHub to upload your service account to a GitHub repository's secrets store. 
[info] 
[info] Visit this URL on this device to log in:
[info] https://github.com/login/oauth/authorize?client_id=89cf50f02ac6aaed3484&state=700835797&redirect_uri=http%3A%2F%2Flocalhost%3A9005&scope=read%3Auser%20repo%20public_repo
[info] 
[info] Waiting for authentication...
[debug] [2024-12-15T15:54:56.944Z] >>> [apiv2][query] POST https://github.com/login/oauth/access_token [none]
[debug] [2024-12-15T15:54:56.944Z] >>> [apiv2][body] POST https://github.com/login/oauth/access_token [stream]
[debug] [2024-12-15T15:54:57.540Z] <<< [apiv2][status] POST https://github.com/login/oauth/access_token 200
[debug] [2024-12-15T15:54:57.540Z] <<< [apiv2][body] POST https://github.com/login/oauth/access_token {"access_token":"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","token_type":"bearer","scope":"read:user,repo"}
[debug] [2024-12-15T15:54:57.544Z] >>> [apiv2][query] GET https://api.github.com/user [none]
[debug] [2024-12-15T15:54:58.176Z] <<< [apiv2][status] GET https://api.github.com/user 200
[debug] [2024-12-15T15:54:58.176Z] <<< [apiv2][body] GET https://api.github.com/user {"login":"rahuljangra125001","id":162364246,"node_id":"U_kgDOCa17Vg","avatar_url":"https://avatars.githubusercontent.com/u/162364246?v=4","gravatar_id":"","url":"https://api.github.com/users/rahuljangra125001","html_url":"https://github.com/rahuljangra125001","followers_url":"https://api.github.com/users/rahuljangra125001/followers","following_url":"https://api.github.com/users/rahuljangra125001/following{/other_user}","gists_url":"https://api.github.com/users/rahuljangra125001/gists{/gist_id}","starred_url":"https://api.github.com/users/rahuljangra125001/starred{/owner}{/repo}","subscriptions_url":"https://api.github.com/users/rahuljangra125001/subscriptions","organizations_url":"https://api.github.com/users/rahuljangra125001/orgs","repos_url":"https://api.github.com/users/rahuljangra125001/repos","events_url":"https://api.github.com/users/rahuljangra125001/events{/privacy}","received_events_url":"https://api.github.com/users/rahuljangra125001/received_events","type":"User","user_view_type":"private","site_admin":false,"name":null,"company":null,"blog":"","location":null,"email":null,"hireable":null,"bio":null,"twitter_username":null,"notification_email":null,"public_repos":4,"public_gists":0,"followers":0,"following":13,"created_at":"2024-03-05T18:35:23Z","updated_at":"2024-10-25T15:43:31Z","private_gists":0,"total_private_repos":6,"owned_private_repos":6,"disk_usage":40104,"collaborators":1,"two_factor_authentication":false,"plan":{"name":"free","space":976562499,"collaborators":0,"private_repos":10000}}
[info] 
[info] +  Success! Logged into GitHub as rahuljangra125001 
[info] 
[debug] [2024-12-15T15:55:41.442Z] >>> [apiv2][query] GET https://api.github.com/repos/https://github.com/rahuljangra125001/A1balajipackermover.git/actions/secrets/public-key type=owner
[debug] [2024-12-15T15:55:42.018Z] <<< [apiv2][status] GET https://api.github.com/repos/https://github.com/rahuljangra125001/A1balajipackermover.git/actions/secrets/public-key 404
[debug] [2024-12-15T15:55:42.018Z] <<< [apiv2][body] GET https://api.github.com/repos/https://github.com/rahuljangra125001/A1balajipackermover.git/actions/secrets/public-key {"message":"Not Found","documentation_url":"https://docs.github.com/rest","status":"404"}
[info] 
[info] 
[error] !  The provided authorization cannot be used with this repository. If this repository is in an organization, did you remember to grant access? 
[info] 
[info] i  Action required: Visit this URL to ensure access has been granted to the appropriate organization(s) for the Firebase CLI GitHub OAuth App: 
[info] https://github.com/settings/connections/applications/89cf50f02ac6aaed3484
[info] 
[debug] [2024-12-15T15:56:01.586Z] >>> [apiv2][query] GET https://api.github.com/repos/https://github.com/rahuljangra125001/A1balajipackermover.git/actions/secrets/public-key type=owner
[debug] [2024-12-15T15:56:02.180Z] <<< [apiv2][status] GET https://api.github.com/repos/https://github.com/rahuljangra125001/A1balajipackermover.git/actions/secrets/public-key 404
[debug] [2024-12-15T15:56:02.180Z] <<< [apiv2][body] GET https://api.github.com/repos/https://github.com/rahuljangra125001/A1balajipackermover.git/actions/secrets/public-key {"message":"Not Found","documentation_url":"https://docs.github.com/rest","status":"404"}
[info] 
[info] 
[error] !  The provided authorization cannot be used with this repository. If this repository is in an organization, did you remember to grant access? 
[info] 
[info] i  Action required: Visit this URL to ensure access has been granted to the appropriate organization(s) for the Firebase CLI GitHub OAuth App: 
[info] https://github.com/settings/connections/applications/89cf50f02ac6aaed3484
[info] 
[debug] [2024-12-15T15:56:34.469Z] >>> [apiv2][query] GET https://api.github.com/repos/A1balajipackermover.gits/actions/secrets/public-key type=owner
[debug] [2024-12-15T15:56:34.981Z] <<< [apiv2][status] GET https://api.github.com/repos/A1balajipackermover.gits/actions/secrets/public-key 404
[debug] [2024-12-15T15:56:34.981Z] <<< [apiv2][body] GET https://api.github.com/repos/A1balajipackermover.gits/actions/secrets/public-key {"message":"Not Found","documentation_url":"https://docs.github.com/rest","status":"404"}
[info] 
[info] 
[error] !  The provided authorization cannot be used with this repository. If this repository is in an organization, did you remember to grant access? 
[info] 
[info] i  Action required: Visit this URL to ensure access has been granted to the appropriate organization(s) for the Firebase CLI GitHub OAuth App: 
[info] https://github.com/settings/connections/applications/89cf50f02ac6aaed3484
[info] 
[debug] [2024-12-15T15:57:13.751Z] >>> [apiv2][query] GET https://api.github.com/repos/rahuljangra125001/A1balajipackermover.git/actions/secrets/public-key type=owner
[debug] [2024-12-15T15:57:14.338Z] <<< [apiv2][status] GET https://api.github.com/repos/rahuljangra125001/A1balajipackermover.git/actions/secrets/public-key 404
[debug] [2024-12-15T15:57:14.338Z] <<< [apiv2][body] GET https://api.github.com/repos/rahuljangra125001/A1balajipackermover.git/actions/secrets/public-key {"message":"Not Found","documentation_url":"https://docs.github.com/rest/actions/secrets#get-a-repository-public-key","status":"404"}
[info] 
[info] 
[error] !  The provided authorization cannot be used with this repository. If this repository is in an organization, did you remember to grant access? 
[info] 
[info] i  Action required: Visit this URL to ensure access has been granted to the appropriate organization(s) for the Firebase CLI GitHub OAuth App: 
[info] https://github.com/settings/connections/applications/89cf50f02ac6aaed3484
[info] 
[debug] [2024-12-15T15:57:16.947Z] >>> [apiv2][query] GET https://api.github.com/repos/rahuljangra125001/A1balajipackermover.git/actions/secrets/public-key type=owner
[debug] [2024-12-15T15:57:17.378Z] <<< [apiv2][status] GET https://api.github.com/repos/rahuljangra125001/A1balajipackermover.git/actions/secrets/public-key 404
[debug] [2024-12-15T15:57:17.378Z] <<< [apiv2][body] GET https://api.github.com/repos/rahuljangra125001/A1balajipackermover.git/actions/secrets/public-key {"message":"Not Found","documentation_url":"https://docs.github.com/rest/actions/secrets#get-a-repository-public-key","status":"404"}
[info] 
[info] 
[error] !  The provided authorization cannot be used with this repository. If this repository is in an organization, did you remember to grant access? 
[info] 
[info] i  Action required: Visit this URL to ensure access has been granted to the appropriate organization(s) for the Firebase CLI GitHub OAuth App: 
[info] https://github.com/settings/connections/applications/89cf50f02ac6aaed3484
[info] 
[debug] [2024-12-15T15:57:40.928Z] >>> [apiv2][query] GET https://api.github.com/repos/rahuljangra125001/A1balajipackermover.git/actions/secrets/public-key type=owner
[debug] [2024-12-15T15:57:41.377Z] <<< [apiv2][status] GET https://api.github.com/repos/rahuljangra125001/A1balajipackermover.git/actions/secrets/public-key 401
[debug] [2024-12-15T15:57:41.377Z] <<< [apiv2][body] GET https://api.github.com/repos/rahuljangra125001/A1balajipackermover.git/actions/secrets/public-key {"message":"Bad credentials","documentation_url":"https://docs.github.com/rest","status":"401"}
[debug] [2024-12-15T15:58:35.246Z] ----------------------------------------------------------------------
[debug] [2024-12-15T15:58:35.249Z] Command:       C:\Program Files\nodejs\node.exe C:\Users\rjang\AppData\Roaming\npm\node_modules\firebase-tools\lib\bin\firebase.js init
[debug] [2024-12-15T15:58:35.250Z] CLI Version:   13.29.1
[debug] [2024-12-15T15:58:35.250Z] Platform:      win32
[debug] [2024-12-15T15:58:35.250Z] Node Version:  v22.12.0
[debug] [2024-12-15T15:58:35.250Z] Time:          Sun Dec 15 2024 21:28:35 GMT+0530 (India Standard Time)
[debug] [2024-12-15T15:58:35.250Z] ----------------------------------------------------------------------
[debug] 
[debug] [2024-12-15T15:58:35.258Z] > command requires scopes: ["email","openid","https://www.googleapis.com/auth/cloudplatformprojects.readonly","https://www.googleapis.com/auth/firebase","https://www.googleapis.com/auth/cloud-platform"]
[debug] [2024-12-15T15:58:35.259Z] > authorizing via signed-in user (darkassasian001@gmail.com)
[info] 
     ######## #### ########  ######## ########     ###     ######  ########
     ##        ##  ##     ## ##       ##     ##  ##   ##  ##       ##
     ######    ##  ########  ######   ########  #########  ######  ######
     ##        ##  ##    ##  ##       ##     ## ##     ##       ## ##
     ##       #### ##     ## ######## ########  ##     ##  ######  ########

You're about to initialize a Firebase project in this directory:

  C:\Users\rjang\Desktop\packersmovers

[info] 
=== Project Setup
[info] 
[info] First, let's associate this project directory with a Firebase project.
[info] You can create multiple project aliases by running firebase use --add, 
[info] but for now we'll just set up a default project.
[info] 
[debug] [2024-12-15T15:58:52.438Z] Checked if tokens are valid: true, expires at: 1734281617239
[debug] [2024-12-15T15:58:52.438Z] Checked if tokens are valid: true, expires at: 1734281617239
[debug] [2024-12-15T15:58:52.439Z] >>> [apiv2][query] GET https://firebase.googleapis.com/v1beta1/projects pageSize=100
[debug] [2024-12-15T15:58:53.384Z] <<< [apiv2][status] GET https://firebase.googleapis.com/v1beta1/projects 200
[debug] [2024-12-15T15:58:53.384Z] <<< [apiv2][body] GET https://firebase.googleapis.com/v1beta1/projects [omitted]
[info] i  Using project a1balajipackersmovers (a1balajipackersmovers) 
[info] 
=== Hosting Setup
[debug] [2024-12-15T15:58:55.781Z] Checked if tokens are valid: true, expires at: 1734281617239
[debug] [2024-12-15T15:58:55.781Z] Checked if tokens are valid: true, expires at: 1734281617239
[debug] [2024-12-15T15:58:55.781Z] >>> [apiv2][query] GET https://firebase.googleapis.com/v1beta1/projects/a1balajipackersmovers [none]
[debug] [2024-12-15T15:58:56.202Z] <<< [apiv2][status] GET https://firebase.googleapis.com/v1beta1/projects/a1balajipackersmovers 200
[debug] [2024-12-15T15:58:56.203Z] <<< [apiv2][body] GET https://firebase.googleapis.com/v1beta1/projects/a1balajipackersmovers {"projectId":"a1balajipackersmovers","projectNumber":"839805429907","displayName":"a1balajipackersmovers","name":"projects/a1balajipackersmovers","resources":{"hostingSite":"a1balajipackersmovers"},"state":"ACTIVE","etag":"1_231a8e5b-9cc4-491c-bb7f-0a4df643c10a"}
[info] 
[info] Your public directory is the folder (relative to your project directory) that
[info] will contain Hosting assets to be uploaded with firebase deploy. If you
[info] have a build process for your assets, use your build's output directory.
[info] 
[debug] [2024-12-15T15:59:07.689Z] >>> [apiv2][query] GET https://www.gstatic.com/firebasejs/releases.json [none]
[debug] [2024-12-15T15:59:07.907Z] <<< [apiv2][status] GET https://www.gstatic.com/firebasejs/releases.json 200
[debug] [2024-12-15T15:59:07.907Z] <<< [apiv2][body] GET https://www.gstatic.com/firebasejs/releases.json {"current":{"version":"11.1.0","browserURL":"https://www.gstatic.com/firebasejs/11.1.0/firebase.js","packageURL":"https://www.gstatic.com/firebasejs/11.1.0/firebase.tgz"},"live":{"version":"11.1","browserURL":"https://www.gstatic.com/firebasejs/live/11.1/firebase.js","packageURL":"https://www.gstatic.com/firebasejs/live/11.1/firebase.tgz"},"components":{"analytics":"https://www.gstatic.com/firebasejs/11.1.0/firebase-analytics.js","app":"https://www.gstatic.com/firebasejs/11.1.0/firebase-app.js","app-check":"https://www.gstatic.com/firebasejs/11.1.0/firebase-app-check.js","auth":"https://www.gstatic.com/firebasejs/11.1.0/firebase-auth.js","auth/cordova":"https://www.gstatic.com/firebasejs/11.1.0/firebase-auth/cordova.js","auth/web-extension":"https://www.gstatic.com/firebasejs/11.1.0/firebase-auth/web-extension.js","functions":"https://www.gstatic.com/firebasejs/11.1.0/firebase-functions.js","firestore":"https://www.gstatic.com/firebasejs/11.1.0/firebase-firestore.js","firestore/lite":"https://www.gstatic.com/firebasejs/11.1.0/firebase-firestore/lite.js","installations":"https://www.gstatic.com/firebasejs/11.1.0/firebase-installations.js","storage":"https://www.gstatic.com/firebasejs/11.1.0/firebase-storage.js","performance":"https://www.gstatic.com/firebasejs/11.1.0/firebase-performance.js","remote-config":"https://www.gstatic.com/firebasejs/11.1.0/firebase-remote-config.js","messaging":"https://www.gstatic.com/firebasejs/11.1.0/firebase-messaging.js","messaging/sw":"https://www.gstatic.com/firebasejs/11.1.0/firebase-messaging/sw.js","database":"https://www.gstatic.com/firebasejs/11.1.0/firebase-database.js","vertexai":"https://www.gstatic.com/firebasejs/11.1.0/firebase-vertexai.js","data-connect":"https://www.gstatic.com/firebasejs/11.1.0/firebase-data-connect.js","firestore.memory":"https://www.gstatic.com/firebasejs/11.1.0/firebase-firestore.memory.js"}}
[info] i  public/index.html is unchanged 
[info] 
[info] i  Didn't detect a .git folder. Assuming C:\Users\rjang\Desktop\packersmovers is the project root. 
[info] i  Authorizing with GitHub to upload your service account to a GitHub repository's secrets store. 
[info] 
[info] Visit this URL on this device to log in:
[info] https://github.com/login/oauth/authorize?client_id=89cf50f02ac6aaed3484&state=345511457&redirect_uri=http%3A%2F%2Flocalhost%3A9005&scope=read%3Auser%20repo%20public_repo
[info] 
[info] Waiting for authentication...
[debug] [2024-12-15T15:59:12.352Z] >>> [apiv2][query] POST https://github.com/login/oauth/access_token [none]
[debug] [2024-12-15T15:59:12.352Z] >>> [apiv2][body] POST https://github.com/login/oauth/access_token [stream]
[debug] [2024-12-15T15:59:12.896Z] <<< [apiv2][status] POST https://github.com/login/oauth/access_token 200
[debug] [2024-12-15T15:59:12.896Z] <<< [apiv2][body] POST https://github.com/login/oauth/access_token {"access_token":"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","token_type":"bearer","scope":"read:user,repo"}
[debug] [2024-12-15T15:59:12.901Z] >>> [apiv2][query] GET https://api.github.com/user [none]
[debug] [2024-12-15T15:59:14.341Z] <<< [apiv2][status] GET https://api.github.com/user 200
[debug] [2024-12-15T15:59:14.341Z] <<< [apiv2][body] GET https://api.github.com/user {"login":"rahuljangra125001","id":162364246,"node_id":"U_kgDOCa17Vg","avatar_url":"https://avatars.githubusercontent.com/u/162364246?v=4","gravatar_id":"","url":"https://api.github.com/users/rahuljangra125001","html_url":"https://github.com/rahuljangra125001","followers_url":"https://api.github.com/users/rahuljangra125001/followers","following_url":"https://api.github.com/users/rahuljangra125001/following{/other_user}","gists_url":"https://api.github.com/users/rahuljangra125001/gists{/gist_id}","starred_url":"https://api.github.com/users/rahuljangra125001/starred{/owner}{/repo}","subscriptions_url":"https://api.github.com/users/rahuljangra125001/subscriptions","organizations_url":"https://api.github.com/users/rahuljangra125001/orgs","repos_url":"https://api.github.com/users/rahuljangra125001/repos","events_url":"https://api.github.com/users/rahuljangra125001/events{/privacy}","received_events_url":"https://api.github.com/users/rahuljangra125001/received_events","type":"User","user_view_type":"private","site_admin":false,"name":null,"company":null,"blog":"","location":null,"email":null,"hireable":null,"bio":null,"twitter_username":null,"notification_email":null,"public_repos":4,"public_gists":0,"followers":0,"following":13,"created_at":"2024-03-05T18:35:23Z","updated_at":"2024-10-25T15:43:31Z","private_gists":0,"total_private_repos":6,"owned_private_repos":6,"disk_usage":40104,"collaborators":1,"two_factor_authentication":false,"plan":{"name":"free","space":976562499,"collaborators":0,"private_repos":10000}}
[info] 
[info] +  Success! Logged into GitHub as rahuljangra125001 
[info] 
[debug] [2024-12-15T15:59:48.661Z] >>> [apiv2][query] GET https://api.github.com/repos/rahuljangra125001/A1balajipackermover.git/actions/secrets/public-key type=owner
[debug] [2024-12-15T15:59:49.218Z] <<< [apiv2][status] GET https://api.github.com/repos/rahuljangra125001/A1balajipackermover.git/actions/secrets/public-key 404
[debug] [2024-12-15T15:59:49.218Z] <<< [apiv2][body] GET https://api.github.com/repos/rahuljangra125001/A1balajipackermover.git/actions/secrets/public-key {"message":"Not Found","documentation_url":"https://docs.github.com/rest/actions/secrets#get-a-repository-public-key","status":"404"}
[info] 
[info] 
[error] !  The provided authorization cannot be used with this repository. If this repository is in an organization, did you remember to grant access? 
[info] 
[info] i  Action required: Visit this URL to ensure access has been granted to the appropriate organization(s) for the Firebase CLI GitHub OAuth App: 
[info] https://github.com/settings/connections/applications/89cf50f02ac6aaed3484
[info] 
[debug] [2024-12-15T16:00:42.624Z] >>> [apiv2][query] GET https://api.github.com/repos/rahuljangra125001/A1balajipackermover.git/actions/secrets/public-key type=owner
[debug] [2024-12-15T16:00:43.306Z] <<< [apiv2][status] GET https://api.github.com/repos/rahuljangra125001/A1balajipackermover.git/actions/secrets/public-key 404
[debug] [2024-12-15T16:00:43.306Z] <<< [apiv2][body] GET https://api.github.com/repos/rahuljangra125001/A1balajipackermover.git/actions/secrets/public-key {"message":"Not Found","documentation_url":"https://docs.github.com/rest/actions/secrets#get-a-repository-public-key","status":"404"}
[info] 
[info] 
[error] !  The provided authorization cannot be used with this repository. If this repository is in an organization, did you remember to grant access? 
[info] 
[info] i  Action required: Visit this URL to ensure access has been granted to the appropriate organization(s) for the Firebase CLI GitHub OAuth App: 
[info] https://github.com/settings/connections/applications/89cf50f02ac6aaed3484
[info] 
[debug] [2024-12-15T16:01:20.839Z] >>> [apiv2][query] GET https://api.github.com/repos/rahuljangra125001/A1balajipackermover.git/actions/secrets/public-key type=owner
[debug] [2024-12-15T16:01:21.382Z] <<< [apiv2][status] GET https://api.github.com/repos/rahuljangra125001/A1balajipackermover.git/actions/secrets/public-key 404
[debug] [2024-12-15T16:01:21.382Z] <<< [apiv2][body] GET https://api.github.com/repos/rahuljangra125001/A1balajipackermover.git/actions/secrets/public-key {"message":"Not Found","documentation_url":"https://docs.github.com/rest/actions/secrets#get-a-repository-public-key","status":"404"}
[info] 
[info] 
[error] !  The provided authorization cannot be used with this repository. If this repository is in an organization, did you remember to grant access? 
[info] 
[info] i  Action required: Visit this URL to ensure access has been granted to the appropriate organization(s) for the Firebase CLI GitHub OAuth App: 
[info] https://github.com/settings/connections/applications/89cf50f02ac6aaed3484
[info] 
